2025-04-06 00:23:29,258 - INFO - Shutting down the application...
2025-04-06 00:23:29,263 - INFO - Disconnected from Redis
2025-04-06 00:23:29,264 - INFO - Application shut down successfully.
2025-04-06 01:10:01,087 - INFO - Redis URL: redis://localhost:6379/0
2025-04-06 01:10:01,089 - INFO - Starting up the application...
2025-04-06 01:10:01,104 - INFO - Database connection URL: postgresql+asyncpg://postgres:postgres@localhost:5432/postgres
2025-04-06 01:10:01,106 - INFO - Connected to Redis
2025-04-06 01:10:01,106 - INFO - Application started up successfully.
2025-04-06 01:10:02,825 - INFO - Request: GET http://127.0.0.1:8000/
2025-04-06 01:10:02,825 - INFO - Response: 404
2025-04-06 01:10:02,884 - INFO - Request: GET http://127.0.0.1:8000/favicon.ico
2025-04-06 01:10:02,885 - INFO - Response: 404
2025-04-06 01:10:08,476 - INFO - Request: GET http://127.0.0.1:8000/docs
2025-04-06 01:10:08,477 - INFO - Response: 200
2025-04-06 01:10:08,643 - INFO - Request: GET http://127.0.0.1:8000/openapi.json
2025-04-06 01:10:08,644 - INFO - Response: 200
2025-04-06 01:10:10,432 - INFO - Request: GET http://127.0.0.1:8000/docs
2025-04-06 01:10:10,433 - INFO - Response: 200
2025-04-06 01:10:10,596 - INFO - Request: GET http://127.0.0.1:8000/openapi.json
2025-04-06 01:10:10,596 - INFO - Response: 200
2025-04-06 01:10:26,001 - INFO - Shutting down the application...
2025-04-06 01:10:26,005 - INFO - Disconnected from the database
2025-04-06 01:10:26,005 - INFO - Disconnected from Redis
2025-04-06 01:10:26,005 - INFO - Application shut down successfully.
2025-04-06 01:10:26,815 - INFO - Redis URL: redis://localhost:6379/0
2025-04-06 01:10:26,818 - INFO - Starting up the application...
2025-04-06 01:10:26,833 - INFO - Database connection URL: postgresql+asyncpg://postgres:postgres@localhost:5432/postgres
2025-04-06 01:10:26,835 - INFO - Connected to Redis
2025-04-06 01:10:26,835 - INFO - Application started up successfully.
2025-04-06 01:10:32,257 - INFO - Shutting down the application...
2025-04-06 01:10:32,261 - INFO - Disconnected from the database
2025-04-06 01:10:32,261 - INFO - Disconnected from Redis
2025-04-06 01:10:32,261 - INFO - Application shut down successfully.
2025-04-06 01:10:33,057 - INFO - Redis URL: redis://localhost:6379/0
2025-04-06 01:10:34,093 - INFO - Redis URL: redis://localhost:6379/0
2025-04-06 01:10:36,371 - INFO - Redis URL: redis://localhost:6379/0
2025-04-06 01:10:38,706 - INFO - Redis URL: redis://localhost:6379/0
2025-04-06 01:10:54,272 - INFO - Redis URL: redis://localhost:6379/0
2025-04-06 01:10:56,054 - INFO - Redis URL: redis://localhost:6379/0
2025-04-06 01:10:57,836 - INFO - Redis URL: redis://localhost:6379/0
2025-04-06 01:11:03,733 - INFO - Redis URL: redis://localhost:6379/0
2025-04-06 01:11:05,013 - INFO - Redis URL: redis://localhost:6379/0
2025-04-06 01:11:13,432 - INFO - Redis URL: redis://localhost:6379/0
2025-04-08 15:46:05,928 - INFO - Redis URL: redis://localhost:6379/0
2025-04-08 15:46:46,838 - INFO - Redis URL: redis://localhost:6379/0
2025-04-08 15:46:49,684 - INFO - Redis URL: redis://localhost:6379/0
2025-04-08 15:46:56,566 - INFO - Redis URL: redis://localhost:6379/0
2025-04-08 15:46:59,107 - INFO - Redis URL: redis://localhost:6379/0
2025-04-08 15:46:59,134 - INFO - Starting up the application...
2025-04-08 15:46:59,161 - INFO - Database connection URL: postgresql+asyncpg://postgres:postgres@localhost:5432/postgres
2025-04-08 15:46:59,163 - INFO - Connected to Redis
2025-04-08 15:46:59,163 - INFO - Application started up successfully.
2025-04-08 15:47:04,484 - INFO - Request: GET http://localhost:8000/
2025-04-08 15:47:04,484 - INFO - Response: 404
2025-04-08 15:47:04,554 - INFO - Request: GET http://localhost:8000/favicon.ico
2025-04-08 15:47:04,555 - INFO - Response: 404
2025-04-08 15:47:07,920 - INFO - Request: GET http://localhost:8000/docs
2025-04-08 15:47:07,921 - INFO - Response: 200
2025-04-08 15:47:10,163 - INFO - Request: GET http://localhost:8000/openapi.json
2025-04-08 15:47:10,171 - INFO - Response: 200
2025-04-08 15:47:16,471 - INFO - Request: POST http://localhost:8000/api/v1/domains/
2025-04-08 15:47:22,858 - INFO - Shutting down the application...
2025-04-08 15:47:22,863 - INFO - Disconnected from the database
2025-04-08 15:47:22,864 - INFO - Disconnected from Redis
2025-04-08 15:47:22,864 - INFO - Application shut down successfully.
2025-04-08 15:48:41,706 - INFO - Redis URL: redis://localhost:6379/0
2025-04-08 15:48:41,734 - INFO - Starting up the application...
2025-04-08 15:48:41,751 - INFO - Database connection URL: postgresql+asyncpg://postgres:postgres@localhost:5432/postgres
2025-04-08 15:48:41,753 - INFO - Connected to Redis
2025-04-08 15:48:41,753 - INFO - Application started up successfully.
2025-04-08 15:48:45,633 - INFO - Request: POST http://localhost:8000/api/v1/domains/
2025-04-08 15:48:52,687 - INFO - Request: POST http://localhost:8000/api/v1/domains/
2025-04-08 15:49:51,939 - INFO - Shutting down the application...
2025-04-08 15:49:51,944 - INFO - Disconnected from the database
2025-04-08 15:49:51,945 - INFO - Disconnected from Redis
2025-04-08 15:49:51,945 - INFO - Application shut down successfully.
2025-04-08 15:50:45,474 - INFO - Redis URL: redis://localhost:6379/0
2025-04-08 15:50:45,501 - INFO - Starting up the application...
2025-04-08 15:50:45,513 - INFO - Database connection URL: postgresql+asyncpg://postgres:postgres@localhost:5432/postgres
2025-04-08 15:50:45,515 - INFO - Connected to Redis
2025-04-08 15:50:45,515 - INFO - Application started up successfully.
2025-04-08 15:50:50,510 - INFO - Request: POST http://localhost:8000/api/v1/domains/
2025-04-08 15:51:10,522 - INFO - Shutting down the application...
2025-04-08 15:51:10,527 - INFO - Disconnected from the database
2025-04-08 15:51:10,528 - INFO - Disconnected from Redis
2025-04-08 15:51:10,528 - INFO - Application shut down successfully.
2025-04-08 15:51:11,328 - INFO - Redis URL: redis://localhost:6379/0
2025-04-08 15:51:11,357 - INFO - Starting up the application...
2025-04-08 15:51:11,376 - INFO - Database connection URL: postgresql+asyncpg://postgres:postgres@localhost:5432/postgres
2025-04-08 15:51:11,380 - INFO - Connected to Redis
2025-04-08 15:51:11,380 - INFO - Application started up successfully.
2025-04-08 15:51:14,994 - INFO - Shutting down the application...
2025-04-08 15:51:14,998 - INFO - Disconnected from the database
2025-04-08 15:51:14,998 - INFO - Disconnected from Redis
2025-04-08 15:51:14,998 - INFO - Application shut down successfully.
2025-04-08 15:51:15,800 - INFO - Redis URL: redis://localhost:6379/0
2025-04-08 15:51:15,829 - INFO - Starting up the application...
2025-04-08 15:51:15,845 - INFO - Database connection URL: postgresql+asyncpg://postgres:postgres@localhost:5432/postgres
2025-04-08 15:51:15,847 - INFO - Connected to Redis
2025-04-08 15:51:15,847 - INFO - Application started up successfully.
2025-04-08 15:51:19,965 - INFO - Shutting down the application...
2025-04-08 15:51:19,968 - INFO - Disconnected from the database
2025-04-08 15:51:19,969 - INFO - Disconnected from Redis
2025-04-08 15:51:19,969 - INFO - Application shut down successfully.
2025-04-08 15:51:20,770 - INFO - Redis URL: redis://localhost:6379/0
2025-04-08 15:51:20,799 - INFO - Starting up the application...
2025-04-08 15:51:20,816 - INFO - Database connection URL: postgresql+asyncpg://postgres:postgres@localhost:5432/postgres
2025-04-08 15:51:20,818 - INFO - Connected to Redis
2025-04-08 15:51:20,818 - INFO - Application started up successfully.
2025-04-08 15:51:26,349 - INFO - Request: POST http://localhost:8000/api/v1/domains/
2025-04-08 15:52:22,049 - INFO - Request: POST http://localhost:8000/api/v1/domains/
2025-04-08 15:53:13,054 - INFO - Shutting down the application...
2025-04-08 15:53:13,058 - INFO - Disconnected from the database
2025-04-08 15:53:13,059 - INFO - Disconnected from Redis
2025-04-08 15:53:13,059 - INFO - Application shut down successfully.
2025-04-08 15:53:13,851 - INFO - Redis URL: redis://localhost:6379/0
2025-04-08 15:53:13,879 - INFO - Starting up the application...
2025-04-08 15:53:13,895 - INFO - Database connection URL: postgresql+asyncpg://postgres:postgres@localhost:5432/postgres
2025-04-08 15:53:13,897 - INFO - Connected to Redis
2025-04-08 15:53:13,897 - INFO - Application started up successfully.
2025-04-08 15:53:26,242 - INFO - Shutting down the application...
2025-04-08 15:53:26,246 - INFO - Disconnected from the database
2025-04-08 15:53:26,246 - INFO - Disconnected from Redis
2025-04-08 15:53:26,246 - INFO - Application shut down successfully.
2025-04-08 15:53:27,036 - INFO - Redis URL: redis://localhost:6379/0
2025-04-08 15:53:28,094 - INFO - Redis URL: redis://localhost:6379/0
2025-04-08 15:53:28,123 - INFO - Starting up the application...
2025-04-08 15:53:28,139 - INFO - Database connection URL: postgresql+asyncpg://postgres:postgres@localhost:5432/postgres
2025-04-08 15:53:28,141 - INFO - Connected to Redis
2025-04-08 15:53:28,142 - INFO - Application started up successfully.
2025-04-08 15:53:29,447 - INFO - Shutting down the application...
2025-04-08 15:53:29,452 - INFO - Disconnected from the database
2025-04-08 15:53:29,452 - INFO - Disconnected from Redis
2025-04-08 15:53:29,452 - INFO - Application shut down successfully.
2025-04-08 15:53:30,268 - INFO - Redis URL: redis://localhost:6379/0
2025-04-08 15:53:30,305 - INFO - Starting up the application...
2025-04-08 15:53:30,325 - INFO - Database connection URL: postgresql+asyncpg://postgres:postgres@localhost:5432/postgres
2025-04-08 15:53:30,328 - INFO - Connected to Redis
2025-04-08 15:53:30,329 - INFO - Application started up successfully.
2025-04-08 15:53:31,435 - INFO - Shutting down the application...
2025-04-08 15:53:31,439 - INFO - Disconnected from the database
2025-04-08 15:53:31,439 - INFO - Disconnected from Redis
2025-04-08 15:53:31,439 - INFO - Application shut down successfully.
2025-04-08 15:53:32,366 - INFO - Redis URL: redis://localhost:6379/0
2025-04-08 15:53:32,395 - INFO - Starting up the application...
2025-04-08 15:53:32,410 - INFO - Database connection URL: postgresql+asyncpg://postgres:postgres@localhost:5432/postgres
2025-04-08 15:53:32,413 - INFO - Connected to Redis
2025-04-08 15:53:32,413 - INFO - Application started up successfully.
2025-04-08 15:53:32,917 - INFO - Shutting down the application...
2025-04-08 15:53:32,920 - INFO - Disconnected from the database
2025-04-08 15:53:32,921 - INFO - Disconnected from Redis
2025-04-08 15:53:32,921 - INFO - Application shut down successfully.
2025-04-08 15:53:33,769 - INFO - Redis URL: redis://localhost:6379/0
2025-04-08 15:53:33,798 - INFO - Starting up the application...
2025-04-08 15:53:33,813 - INFO - Database connection URL: postgresql+asyncpg://postgres:postgres@localhost:5432/postgres
2025-04-08 15:53:33,815 - INFO - Connected to Redis
2025-04-08 15:53:33,815 - INFO - Application started up successfully.
2025-04-08 15:53:34,921 - INFO - Shutting down the application...
2025-04-08 15:53:34,925 - INFO - Disconnected from the database
2025-04-08 15:53:34,925 - INFO - Disconnected from Redis
2025-04-08 15:53:34,925 - INFO - Application shut down successfully.
2025-04-08 15:53:35,752 - INFO - Redis URL: redis://localhost:6379/0
2025-04-08 15:53:35,782 - INFO - Starting up the application...
2025-04-08 15:53:35,794 - INFO - Database connection URL: postgresql+asyncpg://postgres:postgres@localhost:5432/postgres
2025-04-08 15:53:35,796 - INFO - Connected to Redis
2025-04-08 15:53:35,797 - INFO - Application started up successfully.
2025-04-08 15:53:37,905 - INFO - Shutting down the application...
2025-04-08 15:53:37,909 - INFO - Disconnected from the database
2025-04-08 15:53:37,909 - INFO - Disconnected from Redis
2025-04-08 15:53:37,910 - INFO - Application shut down successfully.
2025-04-08 15:53:38,711 - INFO - Redis URL: redis://localhost:6379/0
2025-04-08 15:53:38,739 - INFO - Starting up the application...
2025-04-08 15:53:38,756 - INFO - Database connection URL: postgresql+asyncpg://postgres:postgres@localhost:5432/postgres
2025-04-08 15:53:38,758 - INFO - Connected to Redis
2025-04-08 15:53:38,758 - INFO - Application started up successfully.
2025-04-08 15:53:43,176 - INFO - Shutting down the application...
2025-04-08 15:53:43,180 - INFO - Disconnected from the database
2025-04-08 15:53:43,180 - INFO - Disconnected from Redis
2025-04-08 15:53:43,181 - INFO - Application shut down successfully.
2025-04-08 15:53:43,984 - INFO - Redis URL: redis://localhost:6379/0
2025-04-08 15:53:44,012 - INFO - Starting up the application...
2025-04-08 15:53:44,029 - INFO - Database connection URL: postgresql+asyncpg://postgres:postgres@localhost:5432/postgres
2025-04-08 15:53:44,031 - INFO - Connected to Redis
2025-04-08 15:53:44,031 - INFO - Application started up successfully.
2025-04-08 15:53:58,182 - INFO - Shutting down the application...
2025-04-08 15:53:58,186 - INFO - Disconnected from the database
2025-04-08 15:53:58,187 - INFO - Disconnected from Redis
2025-04-08 15:53:58,187 - INFO - Application shut down successfully.
2025-04-08 15:53:58,999 - INFO - Redis URL: redis://localhost:6379/0
2025-04-08 15:53:59,028 - INFO - Starting up the application...
2025-04-08 15:53:59,041 - INFO - Database connection URL: postgresql+asyncpg://postgres:postgres@localhost:5432/postgres
2025-04-08 15:53:59,043 - INFO - Connected to Redis
2025-04-08 15:53:59,043 - INFO - Application started up successfully.
2025-04-08 15:54:00,148 - INFO - Shutting down the application...
2025-04-08 15:54:00,151 - INFO - Disconnected from the database
2025-04-08 15:54:00,152 - INFO - Disconnected from Redis
2025-04-08 15:54:00,152 - INFO - Application shut down successfully.
2025-04-08 15:54:01,011 - INFO - Redis URL: redis://localhost:6379/0
2025-04-08 15:54:01,040 - INFO - Starting up the application...
2025-04-08 15:54:01,057 - INFO - Database connection URL: postgresql+asyncpg://postgres:postgres@localhost:5432/postgres
2025-04-08 15:54:01,059 - INFO - Connected to Redis
2025-04-08 15:54:01,060 - INFO - Application started up successfully.
2025-04-08 15:54:03,872 - INFO - Shutting down the application...
2025-04-08 15:54:03,875 - INFO - Disconnected from the database
2025-04-08 15:54:03,876 - INFO - Disconnected from Redis
2025-04-08 15:54:03,876 - INFO - Application shut down successfully.
2025-04-08 15:54:04,773 - INFO - Redis URL: redis://localhost:6379/0
2025-04-08 15:54:04,802 - INFO - Starting up the application...
2025-04-08 15:54:04,816 - INFO - Database connection URL: postgresql+asyncpg://postgres:postgres@localhost:5432/postgres
2025-04-08 15:54:04,818 - INFO - Connected to Redis
2025-04-08 15:54:04,818 - INFO - Application started up successfully.
2025-04-08 15:54:07,327 - INFO - Shutting down the application...
2025-04-08 15:54:07,332 - INFO - Disconnected from the database
2025-04-08 15:54:07,332 - INFO - Disconnected from Redis
2025-04-08 15:54:07,332 - INFO - Application shut down successfully.
2025-04-08 15:54:08,127 - INFO - Redis URL: redis://localhost:6379/0
2025-04-08 15:54:08,156 - INFO - Starting up the application...
2025-04-08 15:54:08,173 - INFO - Database connection URL: postgresql+asyncpg://postgres:postgres@localhost:5432/postgres
2025-04-08 15:54:08,176 - INFO - Connected to Redis
2025-04-08 15:54:08,176 - INFO - Application started up successfully.
2025-04-08 15:54:10,585 - INFO - Shutting down the application...
2025-04-08 15:54:10,589 - INFO - Disconnected from the database
2025-04-08 15:54:10,590 - INFO - Disconnected from Redis
2025-04-08 15:54:10,590 - INFO - Application shut down successfully.
2025-04-08 15:54:11,390 - INFO - Redis URL: redis://localhost:6379/0
2025-04-08 15:54:11,420 - INFO - Starting up the application...
2025-04-08 15:54:11,434 - INFO - Database connection URL: postgresql+asyncpg://postgres:postgres@localhost:5432/postgres
2025-04-08 15:54:11,435 - INFO - Connected to Redis
2025-04-08 15:54:11,436 - INFO - Application started up successfully.
2025-04-08 15:54:20,969 - INFO - Shutting down the application...
2025-04-08 15:54:20,973 - INFO - Disconnected from the database
2025-04-08 15:54:20,973 - INFO - Disconnected from Redis
2025-04-08 15:54:20,973 - INFO - Application shut down successfully.
2025-04-08 15:54:21,787 - INFO - Redis URL: redis://localhost:6379/0
2025-04-08 15:54:23,566 - INFO - Redis URL: redis://localhost:6379/0
2025-04-08 15:54:23,594 - INFO - Starting up the application...
2025-04-08 15:54:23,611 - INFO - Database connection URL: postgresql+asyncpg://postgres:postgres@localhost:5432/postgres
2025-04-08 15:54:23,613 - INFO - Connected to Redis
2025-04-08 15:54:23,613 - INFO - Application started up successfully.
2025-04-08 15:54:27,228 - INFO - Shutting down the application...
2025-04-08 15:54:27,232 - INFO - Disconnected from the database
2025-04-08 15:54:27,233 - INFO - Disconnected from Redis
2025-04-08 15:54:27,233 - INFO - Application shut down successfully.
2025-04-08 15:54:28,074 - INFO - Redis URL: redis://localhost:6379/0
2025-04-08 15:54:28,103 - INFO - Starting up the application...
2025-04-08 15:54:28,119 - INFO - Database connection URL: postgresql+asyncpg://postgres:postgres@localhost:5432/postgres
2025-04-08 15:54:28,121 - INFO - Connected to Redis
2025-04-08 15:54:28,121 - INFO - Application started up successfully.
2025-04-08 15:54:29,928 - INFO - Shutting down the application...
2025-04-08 15:54:29,931 - INFO - Disconnected from the database
2025-04-08 15:54:29,932 - INFO - Disconnected from Redis
2025-04-08 15:54:29,932 - INFO - Application shut down successfully.
2025-04-08 15:54:30,708 - INFO - Redis URL: redis://localhost:6379/0
2025-04-08 15:54:30,736 - INFO - Starting up the application...
2025-04-08 15:54:30,751 - INFO - Database connection URL: postgresql+asyncpg://postgres:postgres@localhost:5432/postgres
2025-04-08 15:54:30,753 - INFO - Connected to Redis
2025-04-08 15:54:30,753 - INFO - Application started up successfully.
2025-04-08 15:54:45,204 - INFO - Shutting down the application...
2025-04-08 15:54:45,207 - INFO - Disconnected from the database
2025-04-08 15:54:45,208 - INFO - Disconnected from Redis
2025-04-08 15:54:45,208 - INFO - Application shut down successfully.
2025-04-08 15:54:46,051 - INFO - Redis URL: redis://localhost:6379/0
2025-04-08 15:54:46,079 - INFO - Starting up the application...
2025-04-08 15:54:46,094 - INFO - Database connection URL: postgresql+asyncpg://postgres:postgres@localhost:5432/postgres
2025-04-08 15:54:46,097 - INFO - Connected to Redis
2025-04-08 15:54:46,097 - INFO - Application started up successfully.
2025-04-08 15:54:46,401 - INFO - Shutting down the application...
2025-04-08 15:54:46,405 - INFO - Disconnected from the database
2025-04-08 15:54:46,405 - INFO - Disconnected from Redis
2025-04-08 15:54:46,405 - INFO - Application shut down successfully.
2025-04-08 15:54:47,225 - INFO - Redis URL: redis://localhost:6379/0
2025-04-08 15:54:47,252 - INFO - Starting up the application...
2025-04-08 15:54:47,269 - INFO - Database connection URL: postgresql+asyncpg://postgres:postgres@localhost:5432/postgres
2025-04-08 15:54:47,272 - INFO - Connected to Redis
2025-04-08 15:54:47,272 - INFO - Application started up successfully.
2025-04-08 15:54:56,848 - INFO - Request: POST http://localhost:8000/api/v1/domains/
2025-04-08 15:57:05,683 - INFO - Shutting down the application...
2025-04-08 15:57:05,687 - INFO - Disconnected from the database
2025-04-08 15:57:05,687 - INFO - Disconnected from Redis
2025-04-08 15:57:05,688 - INFO - Application shut down successfully.
2025-04-08 15:57:06,467 - INFO - Redis URL: redis://localhost:6379/0
2025-04-08 15:57:06,496 - INFO - Starting up the application...
2025-04-08 15:57:06,511 - INFO - Database connection URL: postgresql+asyncpg://postgres:postgres@localhost:5432/postgres
2025-04-08 15:57:06,513 - INFO - Connected to Redis
2025-04-08 15:57:06,513 - INFO - Application started up successfully.
2025-04-08 15:57:13,867 - INFO - Request: POST http://localhost:8000/api/v1/domains/
2025-04-08 15:57:21,038 - INFO - Request: POST http://localhost:8000/api/v1/domains/
2025-04-08 15:59:00,524 - INFO - Shutting down the application...
2025-04-08 15:59:00,527 - INFO - Disconnected from the database
2025-04-08 15:59:00,528 - INFO - Disconnected from Redis
2025-04-08 15:59:00,528 - INFO - Application shut down successfully.
2025-04-08 15:59:01,346 - INFO - Redis URL: redis://localhost:6379/0
2025-04-08 15:59:06,190 - INFO - Redis URL: redis://localhost:6379/0
2025-04-08 15:59:06,219 - INFO - Starting up the application...
2025-04-08 15:59:06,236 - INFO - Database connection URL: postgresql+asyncpg://postgres:postgres@localhost:5432/postgres
2025-04-08 15:59:06,239 - INFO - Connected to Redis
2025-04-08 15:59:06,239 - INFO - Application started up successfully.
2025-04-08 15:59:08,348 - INFO - Shutting down the application...
2025-04-08 15:59:08,352 - INFO - Disconnected from the database
2025-04-08 15:59:08,353 - INFO - Disconnected from Redis
2025-04-08 15:59:08,353 - INFO - Application shut down successfully.
2025-04-08 15:59:09,223 - INFO - Redis URL: redis://localhost:6379/0
2025-04-08 15:59:09,254 - INFO - Starting up the application...
2025-04-08 15:59:09,269 - INFO - Database connection URL: postgresql+asyncpg://postgres:postgres@localhost:5432/postgres
2025-04-08 15:59:09,270 - INFO - Connected to Redis
2025-04-08 15:59:09,271 - INFO - Application started up successfully.
2025-04-08 15:59:14,188 - INFO - Shutting down the application...
2025-04-08 15:59:14,191 - INFO - Disconnected from the database
2025-04-08 15:59:14,192 - INFO - Disconnected from Redis
2025-04-08 15:59:14,192 - INFO - Application shut down successfully.
2025-04-08 15:59:15,005 - INFO - Redis URL: redis://localhost:6379/0
2025-04-08 15:59:15,977 - INFO - Redis URL: redis://localhost:6379/0
2025-04-08 15:59:18,052 - INFO - Redis URL: redis://localhost:6379/0
2025-04-08 15:59:18,083 - INFO - Starting up the application...
2025-04-08 15:59:18,100 - INFO - Database connection URL: postgresql+asyncpg://postgres:postgres@localhost:5432/postgres
2025-04-08 15:59:18,103 - INFO - Connected to Redis
2025-04-08 15:59:18,103 - INFO - Application started up successfully.
2025-04-08 15:59:19,109 - INFO - Shutting down the application...
2025-04-08 15:59:19,114 - INFO - Disconnected from the database
2025-04-08 15:59:19,114 - INFO - Disconnected from Redis
2025-04-08 15:59:19,114 - INFO - Application shut down successfully.
2025-04-08 15:59:19,906 - INFO - Redis URL: redis://localhost:6379/0
2025-04-08 15:59:21,974 - INFO - Redis URL: redis://localhost:6379/0
2025-04-08 15:59:22,003 - INFO - Starting up the application...
2025-04-08 15:59:22,018 - INFO - Database connection URL: postgresql+asyncpg://postgres:postgres@localhost:5432/postgres
2025-04-08 15:59:22,020 - INFO - Connected to Redis
2025-04-08 15:59:22,020 - INFO - Application started up successfully.
2025-04-08 15:59:25,635 - INFO - Shutting down the application...
2025-04-08 15:59:25,639 - INFO - Disconnected from the database
2025-04-08 15:59:25,639 - INFO - Disconnected from Redis
2025-04-08 15:59:25,639 - INFO - Application shut down successfully.
2025-04-08 15:59:26,505 - INFO - Redis URL: redis://localhost:6379/0
2025-04-08 15:59:26,535 - INFO - Starting up the application...
2025-04-08 15:59:26,547 - INFO - Database connection URL: postgresql+asyncpg://postgres:postgres@localhost:5432/postgres
2025-04-08 15:59:26,550 - INFO - Connected to Redis
2025-04-08 15:59:26,550 - INFO - Application started up successfully.
2025-04-08 15:59:27,353 - INFO - Shutting down the application...
2025-04-08 15:59:27,357 - INFO - Disconnected from the database
2025-04-08 15:59:27,357 - INFO - Disconnected from Redis
2025-04-08 15:59:27,358 - INFO - Application shut down successfully.
2025-04-08 15:59:28,154 - INFO - Redis URL: redis://localhost:6379/0
2025-04-08 15:59:28,183 - INFO - Starting up the application...
2025-04-08 15:59:28,201 - INFO - Database connection URL: postgresql+asyncpg://postgres:postgres@localhost:5432/postgres
2025-04-08 15:59:28,203 - INFO - Connected to Redis
2025-04-08 15:59:28,203 - INFO - Application started up successfully.
2025-04-08 15:59:34,126 - INFO - Shutting down the application...
2025-04-08 15:59:34,129 - INFO - Disconnected from the database
2025-04-08 15:59:34,130 - INFO - Disconnected from Redis
2025-04-08 15:59:34,130 - INFO - Application shut down successfully.
2025-04-08 15:59:34,911 - INFO - Redis URL: redis://localhost:6379/0
2025-04-08 15:59:34,940 - INFO - Starting up the application...
2025-04-08 15:59:34,955 - INFO - Database connection URL: postgresql+asyncpg://postgres:postgres@localhost:5432/postgres
2025-04-08 15:59:34,957 - INFO - Connected to Redis
2025-04-08 15:59:34,957 - INFO - Application started up successfully.
2025-04-08 15:59:39,673 - INFO - Shutting down the application...
2025-04-08 15:59:39,677 - INFO - Disconnected from the database
2025-04-08 15:59:39,677 - INFO - Disconnected from Redis
2025-04-08 15:59:39,678 - INFO - Application shut down successfully.
2025-04-08 15:59:40,476 - INFO - Redis URL: redis://localhost:6379/0
2025-04-08 15:59:40,504 - INFO - Starting up the application...
2025-04-08 15:59:40,521 - INFO - Database connection URL: postgresql+asyncpg://postgres:postgres@localhost:5432/postgres
2025-04-08 15:59:40,524 - INFO - Connected to Redis
2025-04-08 15:59:40,524 - INFO - Application started up successfully.
2025-04-08 15:59:43,637 - INFO - Shutting down the application...
2025-04-08 15:59:43,641 - INFO - Disconnected from the database
2025-04-08 15:59:43,642 - INFO - Disconnected from Redis
2025-04-08 15:59:43,642 - INFO - Application shut down successfully.
2025-04-08 15:59:44,450 - INFO - Redis URL: redis://localhost:6379/0
2025-04-08 15:59:46,742 - INFO - Redis URL: redis://localhost:6379/0
2025-04-08 15:59:46,771 - INFO - Starting up the application...
2025-04-08 15:59:46,787 - INFO - Database connection URL: postgresql+asyncpg://postgres:postgres@localhost:5432/postgres
2025-04-08 15:59:46,790 - INFO - Connected to Redis
2025-04-08 15:59:46,790 - INFO - Application started up successfully.
2025-04-08 15:59:54,716 - INFO - Request: POST http://localhost:8000/api/v1/domains/
2025-04-08 15:59:54,735 - INFO - Response: 200
2025-04-08 16:00:15,506 - INFO - Shutting down the application...
2025-04-08 16:00:15,509 - INFO - Disconnected from the database
2025-04-08 16:00:15,509 - INFO - Disconnected from Redis
2025-04-08 16:00:15,510 - INFO - Application shut down successfully.
2025-04-08 16:00:16,356 - INFO - Redis URL: redis://localhost:6379/0
2025-04-08 16:00:16,386 - INFO - Starting up the application...
2025-04-08 16:00:16,403 - INFO - Database connection URL: postgresql+asyncpg://postgres:postgres@localhost:5432/postgres
2025-04-08 16:00:16,406 - INFO - Connected to Redis
2025-04-08 16:00:16,406 - INFO - Application started up successfully.
2025-04-08 16:00:30,609 - INFO - Request: GET http://localhost:8000/api/v1/domains/?page=1&limit=10
2025-04-08 16:00:52,466 - INFO - Request: GET http://localhost:8000/api/v1/domains/1
2025-04-08 16:00:52,474 - INFO - Response: 200
2025-04-08 16:01:50,659 - INFO - Shutting down the application...
2025-04-08 16:01:50,663 - INFO - Disconnected from the database
2025-04-08 16:01:50,663 - INFO - Disconnected from Redis
2025-04-08 16:01:50,664 - INFO - Application shut down successfully.
2025-04-08 16:01:51,523 - INFO - Redis URL: redis://localhost:6379/0
2025-04-08 16:01:51,553 - INFO - Starting up the application...
2025-04-08 16:01:51,569 - INFO - Database connection URL: postgresql+asyncpg://postgres:postgres@localhost:5432/postgres
2025-04-08 16:01:51,571 - INFO - Connected to Redis
2025-04-08 16:01:51,571 - INFO - Application started up successfully.
2025-04-08 16:01:52,075 - INFO - Shutting down the application...
2025-04-08 16:01:52,078 - INFO - Disconnected from the database
2025-04-08 16:01:52,079 - INFO - Disconnected from Redis
2025-04-08 16:01:52,079 - INFO - Application shut down successfully.
2025-04-08 16:01:52,888 - INFO - Redis URL: redis://localhost:6379/0
2025-04-08 16:01:52,917 - INFO - Starting up the application...
2025-04-08 16:01:52,935 - INFO - Database connection URL: postgresql+asyncpg://postgres:postgres@localhost:5432/postgres
2025-04-08 16:01:52,937 - INFO - Connected to Redis
2025-04-08 16:01:52,937 - INFO - Application started up successfully.
2025-04-08 16:01:53,767 - INFO - Redis URL: redis://localhost:6379/0
2025-04-08 16:01:53,795 - INFO - Starting up the application...
2025-04-08 16:01:53,811 - INFO - Database connection URL: postgresql+asyncpg://postgres:postgres@localhost:5432/postgres
2025-04-08 16:01:53,813 - INFO - Connected to Redis
2025-04-08 16:01:53,813 - INFO - Application started up successfully.
2025-04-08 16:02:00,041 - INFO - Shutting down the application...
2025-04-08 16:02:00,044 - INFO - Disconnected from the database
2025-04-08 16:02:00,045 - INFO - Disconnected from Redis
2025-04-08 16:02:00,045 - INFO - Application shut down successfully.
2025-04-08 16:02:00,854 - INFO - Redis URL: redis://localhost:6379/0
2025-04-08 16:02:00,883 - INFO - Starting up the application...
2025-04-08 16:02:00,896 - INFO - Database connection URL: postgresql+asyncpg://postgres:postgres@localhost:5432/postgres
2025-04-08 16:02:00,899 - INFO - Connected to Redis
2025-04-08 16:02:00,899 - INFO - Application started up successfully.
2025-04-08 16:02:12,693 - INFO - Request: GET http://localhost:8000/api/v1/domains/?page=1&limit=10
2025-04-08 16:02:50,084 - INFO - Shutting down the application...
2025-04-08 16:02:50,087 - INFO - Disconnected from the database
2025-04-08 16:02:50,088 - INFO - Disconnected from Redis
2025-04-08 16:02:50,088 - INFO - Application shut down successfully.
2025-04-08 16:02:50,876 - INFO - Redis URL: redis://localhost:6379/0
2025-04-08 16:02:52,419 - INFO - Redis URL: redis://localhost:6379/0
2025-04-08 16:02:52,448 - INFO - Starting up the application...
2025-04-08 16:02:52,464 - INFO - Database connection URL: postgresql+asyncpg://postgres:postgres@localhost:5432/postgres
2025-04-08 16:02:52,467 - INFO - Connected to Redis
2025-04-08 16:02:52,467 - INFO - Application started up successfully.
2025-04-08 16:02:57,388 - INFO - Shutting down the application...
2025-04-08 16:02:57,392 - INFO - Disconnected from the database
2025-04-08 16:02:57,393 - INFO - Disconnected from Redis
2025-04-08 16:02:57,393 - INFO - Application shut down successfully.
2025-04-08 16:02:58,237 - INFO - Redis URL: redis://localhost:6379/0
2025-04-08 16:02:59,752 - INFO - Redis URL: redis://localhost:6379/0
2025-04-08 16:02:59,780 - INFO - Starting up the application...
2025-04-08 16:02:59,798 - INFO - Database connection URL: postgresql+asyncpg://postgres:postgres@localhost:5432/postgres
2025-04-08 16:02:59,800 - INFO - Connected to Redis
2025-04-08 16:02:59,800 - INFO - Application started up successfully.
2025-04-08 16:03:16,468 - INFO - Shutting down the application...
2025-04-08 16:03:16,472 - INFO - Disconnected from the database
2025-04-08 16:03:16,472 - INFO - Disconnected from Redis
2025-04-08 16:03:16,472 - INFO - Application shut down successfully.
2025-04-08 16:03:17,279 - INFO - Redis URL: redis://localhost:6379/0
2025-04-08 16:03:17,308 - INFO - Starting up the application...
2025-04-08 16:03:17,325 - INFO - Database connection URL: postgresql+asyncpg://postgres:postgres@localhost:5432/postgres
2025-04-08 16:03:17,327 - INFO - Connected to Redis
2025-04-08 16:03:17,328 - INFO - Application started up successfully.
2025-04-08 16:03:19,629 - INFO - Request: GET http://localhost:8000/api/v1/domains/?page=1&limit=10
2025-04-08 16:03:19,636 - INFO - Response: 200
2025-04-08 16:04:52,820 - INFO - Request: GET http://localhost:8000/api/
2025-04-08 16:04:52,820 - INFO - Response: 200
2025-04-08 16:05:22,842 - INFO - Shutting down the application...
2025-04-08 16:05:22,846 - INFO - Disconnected from the database
2025-04-08 16:05:22,846 - INFO - Disconnected from Redis
2025-04-08 16:05:22,847 - INFO - Application shut down successfully.
2025-04-08 16:06:08,286 - INFO - Redis URL: redis://localhost:6379/0
2025-04-08 16:06:08,316 - INFO - Starting up the application...
2025-04-08 16:06:08,333 - INFO - Database connection URL: postgresql+asyncpg://postgres:postgres@localhost:5432/postgres
2025-04-08 16:06:08,335 - INFO - Connected to Redis
2025-04-08 16:06:08,335 - INFO - Application started up successfully.
2025-04-08 16:06:11,067 - INFO - Request: GET http://127.0.0.1:8000/
2025-04-08 16:06:11,068 - INFO - Response: 404
2025-04-08 16:06:11,126 - INFO - Request: GET http://127.0.0.1:8000/favicon.ico
2025-04-08 16:06:11,127 - INFO - Response: 404
2025-04-08 16:06:14,561 - INFO - Request: GET http://127.0.0.1:8000/docs
2025-04-08 16:06:14,562 - INFO - Response: 200
2025-04-08 16:06:19,564 - INFO - Request: GET http://127.0.0.1:8000/openapi.json
2025-04-08 16:06:19,570 - INFO - Response: 200
2025-04-08 16:06:38,638 - INFO - Request: GET http://127.0.0.1:8000/api/v1/domains/?page=1&limit=10
2025-04-08 16:06:38,647 - INFO - Response: 200
2025-04-08 16:08:26,881 - INFO - Shutting down the application...
2025-04-08 16:08:26,885 - INFO - Disconnected from the database
2025-04-08 16:08:26,886 - INFO - Disconnected from Redis
2025-04-08 16:08:26,886 - INFO - Application shut down successfully.
